<?xml version="1.0" encoding="UTF-8"?>
<!-- Generated by org.testng.reporters.JUnitXMLReporter -->
<testsuite ignored="2" hostname="Kents-MacBook-Pro.local" failures="0" tests="1" name="Test1" time="73.152" errors="0" timestamp="2021-05-21T16:44:13 WIB">
  <testcase classname="mavenforjenkins.UITest" name="startBrowser" time="73.127"/>
  <testcase classname="mavenforjenkins.UITest" name="startBrowser" time="0.0">
    <ignored/>
  </testcase> <!-- startBrowser -->
  <testcase classname="mavenforjenkins.UITest" name="startBrowser2" time="0.0">
    <ignored/>
  </testcase> <!-- startBrowser2 -->
</testsuite> <!-- Test1 -->
