<?xml version="1.0" encoding="UTF-8"?>
<testsuite xmlns:xsi="http://www.w3.org/2001/XMLSchema-instance" xsi:noNamespaceSchemaLocation="https://maven.apache.org/surefire/maven-surefire-plugin/xsd/surefire-test-report-3.0.xsd" version="3.0" name="TestSuite" time="6.968" tests="1" errors="0" skipped="0" failures="0">
  <properties>
[...]
</properties>
  <testcase name="startBrowser" classname="mavenforjenkins.UITest" time="6.593">
    <system-err><![CDATA[1621586426878	geckodriver	INFO	Listening on 127.0.0.1:21447
1621586428143	mozrunner::runner	INFO	Running command: "/Applications/Firefox.app/Contents/MacOS/firefox-bin" "--marionette" "-foreground" "-no-remote" "-profile" "/var/folders/yz/mh8vht6n20l542fnsjqs9h9h0000gn/T/rust_mozprofilek1qDRN"
1621586429137	Marionette	INFO	Marionette enabled
2021-05-21 15:40:30.556 firefox-bin[2036:52617] Warning: Expected min height of view: (<NSButton: 0x1348b4400>) to be less than or equal to 30 but got a height of 32.000000. This error will be logged once per view in violation.
2021-05-21 15:40:30.556 firefox-bin[2036:52617] Warning: Expected min height of view: (<NSButton: 0x1348b6800>) to be less than or equal to 30 but got a height of 32.000000. This error will be logged once per view in violation.
2021-05-21 15:40:30.556 firefox-bin[2036:52617] Warning: Expected min height of view: (<NSButton: 0x1348b8000>) to be less than or equal to 30 but got a height of 32.000000. This error will be logged once per view in violation.
2021-05-21 15:40:30.557 firefox-bin[2036:52617] Warning: Expected min height of view: (<NSButton: 0x1348b3800>) to be less than or equal to 30 but got a height of 32.000000. This error will be logged once per view in violation.
2021-05-21 15:40:30.557 firefox-bin[2036:52617] Warning: Expected min height of view: (<NSButton: 0x1348b8400>) to be less than or equal to 30 but got a height of 32.000000. This error will be logged once per view in violation.
2021-05-21 15:40:30.558 firefox-bin[2036:52617] Warning: Expected min height of view: (<NSPopoverTouchBarItemButton: 0x134c48800>) to be less than or equal to 30 but got a height of 32.000000. This error will be logged once per view in violation.
2021-05-21 15:40:30.558 firefox-bin[2036:52617] Warning: Expected min height of view: (<NSPopoverTouchBarItemButton: 0x134c50400>) to be less than or equal to 30 but got a height of 32.000000. This error will be logged once per view in violation.
console.warn: SearchSettings: "get: No settings file exists, new profile?" (new Error("", "(unknown module)"))
1621586431831	Marionette	INFO	Listening on port 51741
1621586431941	Marionette	WARN	TLS certificate errors will be ignored for this session
May 21, 2021 3:40:31 PM org.openqa.selenium.remote.ProtocolHandshake createSession
INFO: Detected dialect: W3C
]]></system-err>
  </testcase>
</testsuite>