<?xml version="1.0" encoding="UTF-8"?>
<testng-results ignored="1" total="2" passed="1" failed="0" skipped="0">
  <reporter-output>
  </reporter-output>
  <suite started-at="2021-05-21T16:23:57 WIB" name="Suite" finished-at="2021-05-21T16:25:19 WIB" duration-ms="82599">
    <groups>
    </groups>
    <test started-at="2021-05-21T16:23:57 WIB" name="Test1" finished-at="2021-05-21T16:25:19 WIB" duration-ms="82599">
      <class name="mavenforjenkins.UITest">
        <test-method signature="startBrowser(java.lang.String)[pri:0, instance:mavenforjenkins.UITest@6b53e23f]" started-at="2021-05-21T16:23:57 WIB" name="startBrowser" finished-at="2021-05-21T16:25:19 WIB" duration-ms="82567" status="PASS">
          <params>
            <param index="0">
              <value>
                <![CDATA[Firefox]]>
              </value>
            </param>
          </params>
          <reporter-output>
          </reporter-output>
        </test-method> <!-- startBrowser -->
      </class> <!-- mavenforjenkins.UITest -->
    </test> <!-- Test1 -->
  </suite> <!-- Suite -->
</testng-results>
