<?xml version="1.0" encoding="UTF-8"?>
<testng-results ignored="0" total="1" passed="1" failed="0" skipped="0">
  <reporter-output>
  </reporter-output>
  <suite started-at="2021-05-21T15:40:26 WIB" name="Suite" finished-at="2021-05-21T15:40:33 WIB" duration-ms="6617">
    <groups>
    </groups>
    <test started-at="2021-05-21T15:40:26 WIB" name="Test1" finished-at="2021-05-21T15:40:33 WIB" duration-ms="6617">
      <class name="mavenforjenkins.UITest">
        <test-method signature="startBrowser()[pri:0, instance:mavenforjenkins.UITest@429bd883]" started-at="2021-05-21T15:40:26 WIB" name="startBrowser" finished-at="2021-05-21T15:40:33 WIB" duration-ms="6587" status="PASS">
          <reporter-output>
          </reporter-output>
        </test-method> <!-- startBrowser -->
      </class> <!-- mavenforjenkins.UITest -->
    </test> <!-- Test1 -->
  </suite> <!-- Suite -->
</testng-results>
