<?xml version="1.0" encoding="UTF-8"?>
<testsuite xmlns:xsi="http://www.w3.org/2001/XMLSchema-instance" xsi:noNamespaceSchemaLocation="https://maven.apache.org/surefire/maven-surefire-plugin/xsd/surefire-test-report-3.0.xsd" version="3.0" name="TestSuite" time="73.601" tests="1" errors="0" skipped="0" failures="0">
  <properties>
[...]
</properties>
  <testcase name="startBrowser[Firefox](1)" classname="mavenforjenkins.UITest" time="73.148">
    <system-out><![CDATA[Parameter value is Firefox
]]></system-out>
    <system-err><![CDATA[SLF4J: Failed to load class "org.slf4j.impl.StaticLoggerBinder".
SLF4J: Defaulting to no-operation (NOP) logger implementation
SLF4J: See http://www.slf4j.org/codes.html#StaticLoggerBinder for further details.
1621590180209	geckodriver	INFO	Listening on 127.0.0.1:38559
1621590180355	mozrunner::runner	INFO	Running command: "/Applications/Firefox.app/Contents/MacOS/firefox-bin" "--marionette" "-headless" "-foreground" "-no-remote" "-profile" "/var/folders/yz/mh8vht6n20l542fnsjqs9h9h0000gn/T/rust_mozprofilemsF0HR"
*** You are running in headless mode.
1621590180736	Marionette	INFO	Marionette enabled
console.warn: SearchSettings: "get: No settings file exists, new profile?" (new Error("", "(unknown module)"))
1621590182401	Marionette	INFO	Listening on port 65421
1621590182502	Marionette	WARN	TLS certificate errors will be ignored for this session
May 21, 2021 4:43:02 PM org.openqa.selenium.remote.ProtocolHandshake createSession
INFO: Detected dialect: W3C
1621590252500	Marionette	INFO	Stopped listening on port 65421
]]></system-err>
  </testcase>
</testsuite>